2025-05-22 11:51:12,835 [INFO] Activator:176 - 


2025-05-22 11:51:12,837 [INFO] Activator:177 - !SESSION log4j initialized
2025-05-22 11:51:14,786 [ERROR] LogOutputStream:75 - [STDERR_REDIRECT] 
2025-05-22 11:51:16,901 [INFO] LogOutputStream:77 - [STDOUT_REDIRECT] 
2025-05-22 11:51:18,911 [INFO] ApplicationProperties:184 - Using Application install path: /Applications/STM32CubeIDE.app/Contents/Eclipse/plugins/com.st.stm32cube.common.mx_6.14.0.202502271554
2025-05-22 11:51:18,931 [INFO] DbMcusXml:78 - Set database path to: /Applications/STM32CubeIDE.app/Contents/Eclipse/plugins/com.st.stm32cube.common.mx_6.14.0.202502271554//db//mcu/
2025-05-22 11:51:18,931 [INFO] ApiDb:274 - Set plugin database path to: /Applications/STM32CubeIDE.app/Contents/Eclipse/plugins/com.st.stm32cube.common.mx_6.14.0.202502271554//db//plugins/boardmanager/
2025-05-22 11:51:18,932 [WARN] ApiDb:259 - Overriding images path with different value:  => /Applications/STM32CubeIDE.app/Contents/Eclipse/plugins/com.st.stm32cube.common.mx_6.14.0.202502271554//db//plugins/mcufinder/images/
2025-05-22 11:51:18,938 [INFO] ApiDb:250 - Set database path to: /Users/andrewcarr/.stmcufinder/plugins/mcufinder//mcu/
2025-05-22 11:51:18,939 [INFO] DbMcusAds:125 - Set database path to: /Users/andrewcarr/.stmcufinder/plugins/mcufinder//mcu/
2025-05-22 11:51:18,940 [INFO] CrossReferenceDbSqlite:203 - Set database path to: /Users/andrewcarr/.stmcufinder/plugins/mcufinder//mcu/cs/
2025-05-22 11:51:19,079 [INFO] RulesReader:64 - Compatibility file has been processed (301 Rules)
2025-05-22 11:51:19,167 [INFO] DbMcusXml:78 - Set database path to: /Applications/STM32CubeIDE.app/Contents/Eclipse/plugins/com.st.stm32cube.common.mx_6.14.0.202502271554//db//mcu/
2025-05-22 11:51:19,167 [INFO] ApiDb:274 - Set plugin database path to: /Applications/STM32CubeIDE.app/Contents/Eclipse/plugins/com.st.stm32cube.common.mx_6.14.0.202502271554//db//plugins/boardmanager/
2025-05-22 11:51:19,168 [INFO] ApiDb:261 - Set plugin images path to: /Applications/STM32CubeIDE.app/Contents/Eclipse/plugins/com.st.stm32cube.common.mx_6.14.0.202502271554//db//plugins/mcufinder/images/
2025-05-22 11:51:19,168 [WARN] DbFile:41 - Overriding database path with different value: /Users/andrewcarr/.stmcufinder/plugins/mcufinder/ => /Users/andrewcarr/.stmcufinder/plugins/mcufinder
2025-05-22 11:51:19,168 [INFO] ApiDb:250 - Set database path to: /Users/andrewcarr/.stmcufinder/plugins/mcufinder//mcu/
2025-05-22 11:51:19,168 [WARN] DbFile:41 - Overriding database path with different value: /Users/andrewcarr/.stmcufinder/plugins/mcufinder/ => /Users/andrewcarr/.stmcufinder/plugins/mcufinder
2025-05-22 11:51:19,168 [INFO] DbMcusAds:125 - Set database path to: /Users/andrewcarr/.stmcufinder/plugins/mcufinder//mcu/
2025-05-22 11:51:19,168 [WARN] DbFile:41 - Overriding database path with different value: /Users/andrewcarr/.stmcufinder/plugins/mcufinder/ => /Users/andrewcarr/.stmcufinder/plugins/mcufinder
2025-05-22 11:51:19,168 [WARN] DbFile:41 - Overriding database path with different value: /Users/andrewcarr/.stmcufinder/plugins/mcufinder/ => /Users/andrewcarr/.stmcufinder/plugins/mcufinder
2025-05-22 11:51:19,168 [INFO] CrossReferenceDbSqlite:203 - Set database path to: /Users/andrewcarr/.stmcufinder/plugins/mcufinder//mcu/cs/
2025-05-22 11:51:19,249 [INFO] MainPanel:272 - HeapMemory: 268435456
2025-05-22 11:51:19,674 [INFO] DbMcusXml:78 - Set database path to: /Applications/STM32CubeIDE.app/Contents/Eclipse/plugins/com.st.stm32cube.common.mx_6.14.0.202502271554//db//mcu/
2025-05-22 11:51:19,674 [INFO] ApiDb:274 - Set plugin database path to: /Applications/STM32CubeIDE.app/Contents/Eclipse/plugins/com.st.stm32cube.common.mx_6.14.0.202502271554//db//plugins/boardmanager/
2025-05-22 11:51:19,674 [INFO] ApiDb:261 - Set plugin images path to: /Applications/STM32CubeIDE.app/Contents/Eclipse/plugins/com.st.stm32cube.common.mx_6.14.0.202502271554//db//plugins/mcufinder/images/
2025-05-22 11:51:19,674 [WARN] DbFile:41 - Overriding database path with different value: /Users/andrewcarr/.stmcufinder/plugins/mcufinder/ => /Users/andrewcarr/.stmcufinder/plugins/mcufinder
2025-05-22 11:51:19,675 [INFO] ApiDb:250 - Set database path to: /Users/andrewcarr/.stmcufinder/plugins/mcufinder//mcu/
2025-05-22 11:51:19,675 [WARN] DbFile:41 - Overriding database path with different value: /Users/andrewcarr/.stmcufinder/plugins/mcufinder/ => /Users/andrewcarr/.stmcufinder/plugins/mcufinder
2025-05-22 11:51:19,675 [INFO] DbMcusAds:125 - Set database path to: /Users/andrewcarr/.stmcufinder/plugins/mcufinder//mcu/
2025-05-22 11:51:19,675 [WARN] DbFile:41 - Overriding database path with different value: /Users/andrewcarr/.stmcufinder/plugins/mcufinder/ => /Users/andrewcarr/.stmcufinder/plugins/mcufinder
2025-05-22 11:51:19,675 [WARN] DbFile:41 - Overriding database path with different value: /Users/andrewcarr/.stmcufinder/plugins/mcufinder/ => /Users/andrewcarr/.stmcufinder/plugins/mcufinder
2025-05-22 11:51:19,675 [INFO] CrossReferenceDbSqlite:203 - Set database path to: /Users/andrewcarr/.stmcufinder/plugins/mcufinder//mcu/cs/
2025-05-22 11:51:19,697 [INFO] ApplicationProperties:184 - Using Application install path: /Applications/STM32CubeIDE.app/Contents/Eclipse/plugins/com.st.stm32cube.common.mx_6.14.0.202502271554
2025-05-22 11:51:19,699 [INFO] PluginManage:196 - Search for loadable plugins [exclusion list=, ]
2025-05-22 11:51:19,701 [INFO] PluginManage:310 - Check plugin analytics
2025-05-22 11:51:19,903 [INFO] AnalyticsPlugin:253 - Accepted Software Licenses: 
2025-05-22 11:51:19,905 [INFO] AnalyticsPlugin:255 - Accepted CMSIS Pack Licenses: 
2025-05-22 11:51:19,905 [INFO] AnalyticsPlugin:257 - Accepted Firmware Licenses: FW.F4.1.28.0
2025-05-22 11:51:19,913 [INFO] PluginManage:359 - Loaded plugin analytics (category:tool,tabindex:-1)
2025-05-22 11:51:19,914 [INFO] PluginManage:310 - Check plugin cadmodel
2025-05-22 11:51:19,925 [INFO] CADModel:105 - Init CAD model plugin
2025-05-22 11:51:19,925 [INFO] PluginManage:359 - Loaded plugin cadmodel (category:power,tabindex:5)
2025-05-22 11:51:19,926 [INFO] PluginManage:310 - Check plugin clock
2025-05-22 11:51:19,935 [INFO] PluginManage:359 - Loaded plugin clock (category:base,tabindex:2)
2025-05-22 11:51:19,935 [INFO] PluginManage:310 - Check plugin ddr
2025-05-22 11:51:19,937 [INFO] PluginManage:359 - Loaded plugin ddr (category:tool,tabindex:6)
2025-05-22 11:51:19,938 [INFO] PluginManage:310 - Check plugin filemanager
2025-05-22 11:51:20,376 [INFO] PluginManage:359 - Loaded plugin filemanager (category:base,tabindex:10)
2025-05-22 11:51:20,384 [INFO] PluginManage:310 - Check plugin ipmanager
2025-05-22 11:51:20,475 [INFO] PluginManage:359 - Loaded plugin ipmanager (category:base,tabindex:5)
2025-05-22 11:51:20,477 [INFO] PluginManage:310 - Check plugin lpbam
2025-05-22 11:51:20,509 [INFO] PluginManage:359 - Loaded plugin lpbam (category:base,tabindex:0)
2025-05-22 11:51:20,509 [INFO] PluginManage:310 - Check plugin memorymap
2025-05-22 11:51:20,525 [INFO] PluginManage:359 - Loaded plugin memorymap (category:base,tabindex:4)
2025-05-22 11:51:20,526 [INFO] PluginManage:310 - Check plugin pinoutandconfiguration
2025-05-22 11:51:20,533 [INFO] PluginManage:359 - Loaded plugin pinoutandconfiguration (category:base,tabindex:1)
2025-05-22 11:51:20,533 [INFO] PluginManage:310 - Check plugin pinoutconfig
2025-05-22 11:51:20,673 [WARN] SupportedApi:132 - Cannot load RTOS API schema: s4s-elt-must-match.1: The content of 'definitions' must match (annotation?, (simpleType | complexType)?, (unique | key | keyref)*)). A problem was found starting at: attribute.
2025-05-22 11:51:21,019 [INFO] PluginManage:359 - Loaded plugin pinoutconfig (category:base,tabindex:0)
2025-05-22 11:51:21,020 [INFO] PluginManage:310 - Check plugin power
2025-05-22 11:51:21,037 [INFO] PluginManage:359 - Loaded plugin power (category:power,tabindex:4)
2025-05-22 11:51:21,037 [INFO] PluginManage:310 - Check plugin projectmanager
2025-05-22 11:51:21,086 [INFO] PluginManage:359 - Loaded plugin projectmanager (category:projectmanager,tabindex:4)
2025-05-22 11:51:21,087 [INFO] PluginManage:310 - Check plugin rif
2025-05-22 11:51:21,092 [INFO] PluginManage:359 - Loaded plugin rif (category:base,tabindex:3)
2025-05-22 11:51:21,093 [INFO] PluginManage:310 - Check plugin thirdparty
2025-05-22 11:51:21,298 [INFO] PluginManage:359 - Loaded plugin thirdparty (category:base,tabindex:-1)
2025-05-22 11:51:21,299 [INFO] PluginManage:310 - Check plugin tools
2025-05-22 11:51:21,298 [WARN] IntegrityCheckThread:84 - waiting for thirdparty lock release [integrity check]
2025-05-22 11:51:21,302 [INFO] IntegrityCheckThread:86 - entering critical section [integrity check]
2025-05-22 11:51:21,304 [INFO] PluginManage:359 - Loaded plugin tools (category:base,tabindex:7)
2025-05-22 11:51:21,305 [INFO] PluginManage:310 - Check plugin tutovideos
2025-05-22 11:51:21,307 [INFO] ThirdPartyUpdaterWithRetryManager:70 - Updater plugin not ready yet. [1/15]
2025-05-22 11:51:21,503 [INFO] PluginManage:359 - Loaded plugin tutovideos (category:base,tabindex:-1)
2025-05-22 11:51:21,504 [INFO] PluginManage:310 - Check plugin updater
2025-05-22 11:51:21,548 [INFO] PluginManage:359 - Loaded plugin updater (category:base,tabindex:12)
2025-05-22 11:51:21,550 [INFO] PluginManage:310 - Check plugin userauth
2025-05-22 11:51:21,569 [INFO] UserAuth:118 - Init User Auth plugin
2025-05-22 11:51:21,572 [INFO] PluginManage:359 - Loaded plugin userauth (category:base,tabindex:14)
2025-05-22 11:51:21,573 [INFO] PluginManage:283 - PluginManage : Loaded plugins [18]
2025-05-22 11:51:21,919 [INFO] PinOutPanel:1589 - setPackage(No Configuration,No Configuration)
2025-05-22 11:51:22,009 [INFO] CADModel:165 - CPN selected for project level
2025-05-22 11:51:22,009 [INFO] CADModel:114 - Register for checkConnection events
2025-05-22 11:51:22,023 [INFO] IPUIPlugin:80 - create IPUIPlugin
2025-05-22 11:51:22,023 [INFO] PluginManager:220 - loadIPPluginJar : add mdma
2025-05-22 11:51:22,030 [INFO] IPUIPlugin:80 - create IPUIPlugin
2025-05-22 11:51:22,031 [INFO] PluginManager:220 - loadIPPluginJar : add freertos
2025-05-22 11:51:22,035 [INFO] IPUIPlugin:80 - create IPUIPlugin
2025-05-22 11:51:22,036 [INFO] PluginManager:220 - loadIPPluginJar : add gic
2025-05-22 11:51:22,043 [INFO] IPUIPlugin:80 - create IPUIPlugin
2025-05-22 11:51:22,044 [INFO] PluginManager:220 - loadIPPluginJar : add adc
2025-05-22 11:51:22,046 [INFO] IPUIPlugin:80 - create IPUIPlugin
2025-05-22 11:51:22,046 [INFO] PluginManager:220 - loadIPPluginJar : add gtzc
2025-05-22 11:51:22,047 [INFO] IPUIPlugin:80 - create IPUIPlugin
2025-05-22 11:51:22,047 [INFO] PluginManager:220 - loadIPPluginJar : add quadspi
2025-05-22 11:51:22,049 [INFO] IPUIPlugin:80 - create IPUIPlugin
2025-05-22 11:51:22,049 [INFO] PluginManager:220 - loadIPPluginJar : add aes
2025-05-22 11:51:22,053 [INFO] IPUIPlugin:80 - create IPUIPlugin
2025-05-22 11:51:22,053 [INFO] PluginManager:220 - loadIPPluginJar : add pdm2pcm
2025-05-22 11:51:22,054 [INFO] IPUIPlugin:80 - create IPUIPlugin
2025-05-22 11:51:22,054 [INFO] PluginManager:220 - loadIPPluginJar : add hash
2025-05-22 11:51:22,057 [INFO] IPUIPlugin:80 - create IPUIPlugin
2025-05-22 11:51:22,057 [INFO] PluginManager:220 - loadIPPluginJar : add tim
2025-05-22 11:51:22,060 [INFO] IPUIPlugin:80 - create IPUIPlugin
2025-05-22 11:51:22,060 [INFO] PluginManager:220 - loadIPPluginJar : add tsc
2025-05-22 11:51:22,063 [INFO] IPUIPlugin:80 - create IPUIPlugin
2025-05-22 11:51:22,063 [INFO] PluginManager:220 - loadIPPluginJar : add extmemmanager
2025-05-22 11:51:22,067 [INFO] IPUIPlugin:80 - create IPUIPlugin
2025-05-22 11:51:22,068 [INFO] PluginManager:220 - loadIPPluginJar : add ts
2025-05-22 11:51:22,069 [INFO] IPUIPlugin:80 - create IPUIPlugin
2025-05-22 11:51:22,070 [INFO] PluginManager:220 - loadIPPluginJar : add radio
2025-05-22 11:51:22,071 [INFO] IPUIPlugin:80 - create IPUIPlugin
2025-05-22 11:51:22,071 [INFO] PluginManager:220 - loadIPPluginJar : add can
2025-05-22 11:51:22,073 [INFO] IPUIPlugin:80 - create IPUIPlugin
2025-05-22 11:51:22,074 [INFO] PluginManager:220 - loadIPPluginJar : add dma3
2025-05-22 11:51:22,075 [INFO] IPUIPlugin:80 - create IPUIPlugin
2025-05-22 11:51:22,076 [INFO] PluginManager:220 - loadIPPluginJar : add dfsdm
2025-05-22 11:51:22,077 [INFO] IPUIPlugin:80 - create IPUIPlugin
2025-05-22 11:51:22,077 [INFO] PluginManager:220 - loadIPPluginJar : add spi
2025-05-22 11:51:22,078 [INFO] IPUIPlugin:80 - create IPUIPlugin
2025-05-22 11:51:22,079 [INFO] PluginManager:220 - loadIPPluginJar : add gfxmmu
2025-05-22 11:51:22,081 [INFO] IPUIPlugin:80 - create IPUIPlugin
2025-05-22 11:51:22,081 [INFO] PluginManager:220 - loadIPPluginJar : add genericplugin
2025-05-22 11:51:22,084 [INFO] IPUIPlugin:80 - create IPUIPlugin
2025-05-22 11:51:22,084 [INFO] PluginManager:220 - loadIPPluginJar : add cryp
2025-05-22 11:51:22,087 [INFO] IPUIPlugin:80 - create IPUIPlugin
2025-05-22 11:51:22,088 [INFO] PluginManager:220 - loadIPPluginJar : add gpio
2025-05-22 11:51:22,091 [INFO] IPUIPlugin:80 - create IPUIPlugin
2025-05-22 11:51:22,092 [INFO] PluginManager:220 - loadIPPluginJar : add ddr_ctrl_phy
2025-05-22 11:51:22,094 [INFO] IPUIPlugin:80 - create IPUIPlugin
2025-05-22 11:51:22,094 [INFO] PluginManager:220 - loadIPPluginJar : add comp
2025-05-22 11:51:22,097 [INFO] IPUIPlugin:80 - create IPUIPlugin
2025-05-22 11:51:22,098 [INFO] PluginManager:220 - loadIPPluginJar : add tracer_emb
2025-05-22 11:51:22,100 [INFO] IPUIPlugin:80 - create IPUIPlugin
2025-05-22 11:51:22,101 [INFO] PluginManager:220 - loadIPPluginJar : add openamp
2025-05-22 11:51:22,106 [INFO] IPUIPlugin:80 - create IPUIPlugin
2025-05-22 11:51:22,106 [INFO] PluginManager:220 - loadIPPluginJar : add stm32_wpan
2025-05-22 11:51:22,110 [INFO] IPUIPlugin:80 - create IPUIPlugin
2025-05-22 11:51:22,115 [INFO] PluginManager:220 - loadIPPluginJar : add plateformsettings
2025-05-22 11:51:22,118 [INFO] IPUIPlugin:80 - create IPUIPlugin
2025-05-22 11:51:22,118 [INFO] PluginManager:220 - loadIPPluginJar : add ipddr
2025-05-22 11:51:22,120 [INFO] IPUIPlugin:80 - create IPUIPlugin
2025-05-22 11:51:22,121 [INFO] PluginManager:220 - loadIPPluginJar : add usart
2025-05-22 11:51:22,122 [INFO] IPUIPlugin:80 - create IPUIPlugin
2025-05-22 11:51:22,122 [INFO] PluginManager:220 - loadIPPluginJar : add ltdc
2025-05-22 11:51:22,125 [INFO] IPUIPlugin:80 - create IPUIPlugin
2025-05-22 11:51:22,125 [INFO] PluginManager:220 - loadIPPluginJar : add nvic
2025-05-22 11:51:22,126 [INFO] IPUIPlugin:80 - create IPUIPlugin
2025-05-22 11:51:22,126 [INFO] PluginManager:220 - loadIPPluginJar : add fatfs
2025-05-22 11:51:22,132 [INFO] IPUIPlugin:80 - create IPUIPlugin
2025-05-22 11:51:22,132 [INFO] PluginManager:220 - loadIPPluginJar : add linkedlist
2025-05-22 11:51:22,138 [INFO] IPUIPlugin:80 - create IPUIPlugin
2025-05-22 11:51:22,138 [INFO] PluginManager:220 - loadIPPluginJar : add dma
2025-05-22 11:51:22,141 [INFO] IPUIPlugin:80 - create IPUIPlugin
2025-05-22 11:51:22,142 [INFO] PluginManager:220 - loadIPPluginJar : add fmc
2025-05-22 11:51:22,143 [INFO] IPUIPlugin:80 - create IPUIPlugin
2025-05-22 11:51:22,143 [INFO] PluginManager:220 - loadIPPluginJar : add i2s
2025-05-22 11:51:22,144 [INFO] IPUIPlugin:80 - create IPUIPlugin
2025-05-22 11:51:22,144 [INFO] PluginManager:220 - loadIPPluginJar : add ucpd
2025-05-22 11:51:22,148 [INFO] IPUIPlugin:80 - create IPUIPlugin
2025-05-22 11:51:22,149 [INFO] PluginManager:220 - loadIPPluginJar : add lorawan
2025-05-22 11:51:22,155 [INFO] IPUIPlugin:80 - create IPUIPlugin
2025-05-22 11:51:22,156 [INFO] PluginManager:220 - loadIPPluginJar : add opamp
2025-05-22 11:51:22,158 [INFO] IPUIPlugin:80 - create IPUIPlugin
2025-05-22 11:51:22,159 [INFO] PluginManager:220 - loadIPPluginJar : add i3c
2025-05-22 11:51:22,164 [INFO] IPUIPlugin:80 - create IPUIPlugin
2025-05-22 11:51:22,165 [INFO] PluginManager:220 - loadIPPluginJar : add touchsensing
2025-05-22 11:51:22,174 [INFO] IPUIPlugin:80 - create IPUIPlugin
2025-05-22 11:51:22,174 [INFO] PluginManager:220 - loadIPPluginJar : add i2c
2025-05-22 11:51:22,177 [INFO] IPUIPlugin:80 - create IPUIPlugin
2025-05-22 11:51:22,177 [INFO] PluginManager:220 - loadIPPluginJar : add resmgrutility
2025-05-22 11:51:22,180 [INFO] IPUIPlugin:80 - create IPUIPlugin
2025-05-22 11:51:22,180 [INFO] PluginManager:220 - loadIPPluginJar : add sai
2025-05-22 11:51:22,185 [INFO] IPUIPlugin:80 - create IPUIPlugin
2025-05-22 11:51:22,185 [INFO] PluginManager:220 - loadIPPluginJar : add usbx
2025-05-22 11:51:22,313 [FATAL] Updater:351 - Updater called before beeing initialized
2025-05-22 11:51:22,368 [INFO] RulesReader:64 - Compatibility file has been processed (301 Rules)
2025-05-22 11:51:22,381 [INFO] RulesReader:64 - Compatibility file has been processed (301 Rules)
2025-05-22 11:51:22,398 [INFO] CADModel:165 - CPN selected for project level
2025-05-22 11:51:22,399 [INFO] CADModel:114 - Register for checkConnection events
2025-05-22 11:51:22,399 [FATAL] Updater:351 - Updater called before beeing initialized
2025-05-22 11:51:22,399 [ERROR] CADModel:125 - Updater not yet initialized, retry later 
2025-05-22 11:51:22,658 [FATAL] Updater:351 - Updater called before beeing initialized
2025-05-22 11:51:22,659 [INFO] CADModel:165 - CPN selected for project level
2025-05-22 11:51:22,659 [INFO] CADModel:114 - Register for checkConnection events
2025-05-22 11:51:22,659 [FATAL] Updater:351 - Updater called before beeing initialized
2025-05-22 11:51:22,659 [ERROR] CADModel:125 - Updater not yet initialized, retry later 
2025-05-22 11:51:22,662 [FATAL] Updater:351 - Updater called before beeing initialized
2025-05-22 11:51:22,847 [FATAL] Updater:351 - Updater called before beeing initialized
2025-05-22 11:51:22,853 [INFO] DbMcusAds:53 - JSON generation date=Wed May 07 02:07:55 PDT 2025 (1746608875513)
2025-05-22 11:51:22,853 [FATAL] Updater:351 - Updater called before beeing initialized
2025-05-22 11:51:22,906 [WARN] DetailPanel:346 - Failed to get advertising image, set to default
2025-05-22 11:51:23,128 [FATAL] Updater:351 - Updater called before beeing initialized
2025-05-22 11:51:23,133 [FATAL] Updater:351 - Updater called before beeing initialized
2025-05-22 11:51:23,133 [FATAL] Updater:351 - Updater called before beeing initialized
2025-05-22 11:51:23,134 [WARN] DetailPanel:346 - Failed to get advertising image, set to default
2025-05-22 11:51:23,136 [FATAL] Updater:351 - Updater called before beeing initialized
2025-05-22 11:51:23,211 [ERROR] Updater:1198 - MainUpdater not yet initialized. External WinMGr cannot be set.
2025-05-22 11:51:23,224 [INFO] Updater:1134 - Updater Version found : 6.14.0
2025-05-22 11:51:23,239 [INFO] ApplicationProperties:184 - Using Application install path: /Applications/STM32CubeIDE.app/Contents/Eclipse/plugins/com.st.stm32cube.common.mx_6.14.0.202502271554
2025-05-22 11:51:23,555 [INFO] MainUpdater:2872 - connection check result : 10
2025-05-22 11:51:23,556 [INFO] MainUpdater:289 - Updater Check For Update Now.
2025-05-22 11:51:23,556 [INFO] MicroXplorer:498 - Change Database Version : DB.6.0.140
2025-05-22 11:51:23,563 [INFO] McuFinderGlobals:63 - Set McuFinder mode to 2 (CubeIDE integrated)
2025-05-22 11:51:23,564 [INFO] UserAuth:486 - Internet connection configuration mode: 1
2025-05-22 11:51:23,580 [INFO] JxBrowserEngine:152 - Initiate JxBrowser Engine with user profile folder
2025-05-22 11:51:23,851 [INFO] CheckServerUpdateThread:120 - End of CheckServer Thread
2025-05-22 11:51:24,541 [WARN] PackLoader:240 - Cannot read IP mode file for STMicroelectronics.FP-SNS-MOTENVWB1.1.4.0
2025-05-22 11:51:24,622 [WARN] PackLoader:240 - Cannot read IP mode file for STMicroelectronics.FP-ATR-ASTRA1.2.0.2
2025-05-22 11:51:24,668 [WARN] PackLoader:240 - Cannot read IP mode file for STMicroelectronics.X-CUBE-SMBUS.2.1.0
2025-05-22 11:51:24,690 [WARN] PackLoader:240 - Cannot read IP mode file for STMicroelectronics.X-CUBE-WB05N.1.1.0
2025-05-22 11:51:24,710 [WARN] PackLoader:240 - Cannot read IP mode file for STMicroelectronics.X-CUBE-ST60.1.0.0
2025-05-22 11:51:24,773 [WARN] PackLoader:240 - Cannot read IP mode file for STMicroelectronics.X-CUBE-AZRTOS-F7.1.1.0
2025-05-22 11:51:24,864 [WARN] PackLoader:240 - Cannot read IP mode file for Infineon.AIROC-Wi-Fi-Bluetooth-STM32.1.7.0
2025-05-22 11:51:24,954 [WARN] PackLoader:240 - Cannot read IP mode file for STMicroelectronics.X-CUBE-DISPLAY.3.0.0
2025-05-22 11:51:24,989 [WARN] PackLoader:240 - Cannot read IP mode file for STMicroelectronics.X-CUBE-NFC10.1.0.0
2025-05-22 11:51:25,031 [WARN] PackLoader:240 - Cannot read IP mode file for STMicroelectronics.X-CUBE-BLEMGR.4.0.0
2025-05-22 11:51:25,081 [WARN] PackLoader:240 - Cannot read IP mode file for emotas.I-CUBE-CANOPEN.1.3.0
2025-05-22 11:51:25,130 [WARN] ConditionMgr:438 - getConditionDescription Invalid condition id : Cortex-A Device cause : null
2025-05-22 11:51:25,160 [WARN] ConditionMgr:1044 - genDependencies : Invalid condition id : Cortex-A Device cause : null
2025-05-22 11:51:25,160 [WARN] ConditionMgr:1044 - genDependencies : Invalid condition id : Cortex-A Device cause : null
2025-05-22 11:51:25,161 [WARN] ConditionMgr:1044 - genDependencies : Invalid condition id : Cortex-A Device cause : null
2025-05-22 11:51:25,174 [WARN] PackLoader:240 - Cannot read IP mode file for STMicroelectronics.X-CUBE-AI.10.0.0
2025-05-22 11:51:25,185 [WARN] PackLoader:240 - Cannot read IP mode file for STMicroelectronics.FP-SNS-SMARTAG2.1.2.0
2025-05-22 11:51:25,192 [WARN] PackLoader:240 - Cannot read IP mode file for STMicroelectronics.FP-SNS-FLIGHT1.5.1.0
2025-05-22 11:51:25,355 [WARN] PackLoader:240 - Cannot read IP mode file for STMicroelectronics.X-CUBE-MEMS1.11.1.0
2025-05-22 11:51:25,932 [INFO] LogOutputStream:77 - [STDOUT_REDIRECT] 1 : Invalid condition id : UX_CORESTACK_Condition cause : null
2025-05-22 11:51:25,943 [INFO] LogOutputStream:77 - [STDOUT_REDIRECT] 1 : Invalid condition id : UX_CORESTACK_Condition cause : null
2025-05-22 11:51:25,944 [INFO] LogOutputStream:77 - [STDOUT_REDIRECT] 1 : Invalid condition id : UX_CORESTACK_Condition cause : null
2025-05-22 11:51:25,945 [INFO] LogOutputStream:77 - [STDOUT_REDIRECT] 1 : Invalid condition id : UX_CORESTACK_Condition cause : null
2025-05-22 11:51:25,945 [INFO] LogOutputStream:77 - [STDOUT_REDIRECT] 1 : Invalid condition id : UX_CORESTACK_Condition cause : null
2025-05-22 11:51:25,953 [WARN] PackLoader:240 - Cannot read IP mode file for STMicroelectronics.X-CUBE-AZRTOS-WL.2.0.0
2025-05-22 11:51:25,990 [WARN] PackLoader:240 - Cannot read IP mode file for STMicroelectronics.FP-SNS-MOTENV1.5.0.0
2025-05-22 11:51:26,025 [WARN] PackLoader:240 - Cannot read IP mode file for WES.I-CUBE-Cesium.1.3.0
2025-05-22 11:51:26,035 [WARN] PackLoader:240 - Cannot read IP mode file for STMicroelectronics.X-CUBE-BLE2.3.3.0
2025-05-22 11:51:26,046 [WARN] PackLoader:240 - Cannot read IP mode file for STMicroelectronics.X-CUBE-NFC9.1.0.0
2025-05-22 11:51:26,058 [WARN] PackLoader:240 - Cannot read IP mode file for STMicroelectronics.X-CUBE-BLE1.7.1.0
2025-05-22 11:51:26,072 [WARN] PackLoader:240 - Cannot read IP mode file for wolfSSL.I-CUBE-wolfMQTT.1.19.2
2025-05-22 11:51:26,155 [WARN] PackLoader:240 - Cannot read IP mode file for STMicroelectronics.X-CUBE-MEMS1.11.2.0
2025-05-22 11:51:26,276 [WARN] PackLoader:240 - Cannot read IP mode file for STMicroelectronics.X-CUBE-AZRTOS-G0.1.1.0
2025-05-22 11:51:26,303 [WARN] PackLoader:240 - Cannot read IP mode file for STMicroelectronics.X-CUBE-SAFEA1.1.2.2
2025-05-22 11:51:26,318 [WARN] PackLoader:240 - Cannot read IP mode file for STMicroelectronics.X-CUBE-NFC4.3.0.0
2025-05-22 11:51:26,336 [WARN] PackLoader:240 - Cannot read IP mode file for EmbeddedOffice.I-CUBE-FS-RTOS.1.0.1
2025-05-22 11:51:26,347 [WARN] PackLoader:240 - Cannot read IP mode file for STMicroelectronics.X-CUBE-WB05N.2.0.0
2025-05-22 11:51:26,365 [WARN] PackLoader:240 - Cannot read IP mode file for wolfSSL.I-CUBE-wolfTPM.3.8.0
2025-05-22 11:51:26,374 [WARN] PackLoader:240 - Cannot read IP mode file for STMicroelectronics.X-CUBE-TCPP.4.2.0
2025-05-22 11:51:26,382 [WARN] PackLoader:240 - Cannot read IP mode file for RealThread.X-CUBE-RT-Thread_Nano.4.1.1
2025-05-22 11:51:26,386 [WARN] PackLoader:240 - Cannot read IP mode file for STMicroelectronics.FP-ATR-SIGFOX1.3.2.0
2025-05-22 11:51:26,393 [WARN] PackLoader:240 - Cannot read IP mode file for STMicroelectronics.X-CUBE-EEPRMA1.5.1.0
2025-05-22 11:51:26,398 [WARN] PackLoader:240 - Cannot read IP mode file for wolfSSL.I-CUBE-wolfSSL.5.7.6
2025-05-22 11:51:26,438 [WARN] PackLoader:240 - Cannot read IP mode file for ITTIA_DB.I-CUBE-ITTIADB.8.9.0
2025-05-22 11:51:26,496 [WARN] PackLoader:240 - Cannot read IP mode file for SEGGER.I-CUBE-embOS.1.3.1
2025-05-22 11:51:26,559 [WARN] PackLoader:240 - Cannot read IP mode file for STMicroelectronics.X-CUBE-ALGOBUILD.1.4.0
2025-05-22 11:51:26,580 [WARN] PackLoader:240 - Cannot read IP mode file for STMicroelectronics.X-CUBE-AZRTOS-F4.1.1.0
2025-05-22 11:51:26,588 [WARN] PackLoader:240 - Cannot read IP mode file for Avnet-IotConnect.X-CUBE-IoTC-DA16k-PMOD.1.0.0
2025-05-22 11:51:26,592 [WARN] PackLoader:240 - Cannot read IP mode file for STMicroelectronics.X-CUBE-ISPU.2.1.0
2025-05-22 11:51:26,612 [WARN] PackLoader:240 - Cannot read IP mode file for STMicroelectronics.X-CUBE-AZRTOS-L5.2.0.0
2025-05-22 11:51:26,628 [WARN] PackLoader:240 - Cannot read IP mode file for STMicroelectronics.X-CUBE-NFC6.3.1.0
2025-05-22 11:51:26,639 [WARN] PackLoader:240 - Cannot read IP mode file for STMicroelectronics.X-CUBE-FREERTOS.1.3.1
2025-05-22 11:51:26,645 [WARN] PackLoader:240 - Cannot read IP mode file for STMicroelectronics.X-CUBE-FREERTOS.1.3.0
2025-05-22 11:51:26,652 [WARN] PackLoader:240 - Cannot read IP mode file for STMicroelectronics.X-CUBE-NFC7.1.0.1
2025-05-22 11:51:26,658 [WARN] PackLoader:240 - Cannot read IP mode file for STMicroelectronics.X-CUBE-DPower.1.3.0
2025-05-22 11:51:26,681 [WARN] ConditionMgr:438 - getConditionDescription Invalid condition id : LAN8742 Phy interface Condition cause : null
2025-05-22 11:51:26,685 [WARN] PackLoader:240 - Cannot read IP mode file for STMicroelectronics.X-CUBE-AZRTOS-L4.2.0.0
2025-05-22 11:51:26,690 [WARN] ConditionMgr:1044 - genDependencies : Invalid condition id : LAN8742 Phy interface Condition cause : null
2025-05-22 11:51:26,695 [WARN] ConditionMgr:1044 - genDependencies : Invalid condition id : LAN8742 Phy interface Condition cause : null
2025-05-22 11:51:26,697 [WARN] ConditionMgr:1044 - genDependencies : Invalid condition id : LAN8742 Phy interface Condition cause : null
2025-05-22 11:51:26,708 [WARN] PackLoader:240 - Cannot read IP mode file for STMicroelectronics.X-CUBE-SFXS2LP1.4.0.0
2025-05-22 11:51:26,735 [WARN] PackLoader:240 - Cannot read IP mode file for STMicroelectronics.X-CUBE-AZRTOS-H7.3.3.0
2025-05-22 11:51:26,752 [WARN] ConditionMgr:438 - getConditionDescription Invalid condition id : UX DEVICE CLASS RTOS Condition cause : null
2025-05-22 11:51:26,752 [WARN] ConditionMgr:438 - getConditionDescription Invalid condition id : UX DEVICE CLASS RTOS Condition cause : null
2025-05-22 11:51:26,756 [WARN] PackLoader:240 - Cannot read IP mode file for STMicroelectronics.X-CUBE-AZRTOS-WB.2.0.0
2025-05-22 11:51:26,757 [WARN] ConditionMgr:1044 - genDependencies : Invalid condition id : UX DEVICE CLASS RTOS Condition cause : null
2025-05-22 11:51:26,757 [WARN] ConditionMgr:1044 - genDependencies : Invalid condition id : UX DEVICE CLASS RTOS Condition cause : null
2025-05-22 11:51:26,757 [WARN] ConditionMgr:1044 - genDependencies : Invalid condition id : UX DEVICE CLASS RTOS Condition cause : null
2025-05-22 11:51:26,758 [WARN] ConditionMgr:1044 - genDependencies : Invalid condition id : UX DEVICE CLASS RTOS Condition cause : null
2025-05-22 11:51:26,758 [WARN] ConditionMgr:1044 - genDependencies : Invalid condition id : UX DEVICE CLASS RTOS Condition cause : null
2025-05-22 11:51:26,765 [WARN] PackLoader:240 - Cannot read IP mode file for STMicroelectronics.X-CUBE-GNSS1.7.0.1
2025-05-22 11:51:26,771 [WARN] PackLoader:240 - Cannot read IP mode file for STMicroelectronics.X-CUBE-TOUCHGFX.4.25.0
2025-05-22 11:51:26,777 [WARN] PackLoader:240 - Cannot read IP mode file for STMicroelectronics.FP-SNS-STBOX1.2.0.0
2025-05-22 11:51:26,790 [WARN] PackLoader:240 - Cannot read IP mode file for STMicroelectronics.X-CUBE-SUBG2.5.0.0
2025-05-22 11:51:26,824 [WARN] PackLoader:240 - Cannot read IP mode file for STMicroelectronics.X-CUBE-AZRTOS-H7RS.1.1.0
2025-05-22 11:51:26,837 [WARN] PackLoader:240 - Cannot read IP mode file for Cesanta.I-CUBE-Mongoose.7.13.0
2025-05-22 11:51:26,852 [WARN] PackLoader:240 - Cannot read IP mode file for STMicroelectronics.X-CUBE-AZRTOS-G4.2.0.0
2025-05-22 11:51:26,858 [WARN] PackLoader:240 - Cannot read IP mode file for wolfSSL.I-CUBE-wolfSSH.1.4.20
2025-05-22 11:51:26,862 [WARN] PackLoader:240 - Cannot read IP mode file for STMicroelectronics.X-CUBE-NFC7.2.0.0
2025-05-22 11:51:26,877 [WARN] PackLoader:240 - Cannot read IP mode file for STMicroelectronics.X-CUBE-IPS.3.1.0
2025-05-22 11:51:27,134 [WARN] PackLoader:240 - Cannot read IP mode file for STMicroelectronics.X-CUBE-ALS.1.0.2
2025-05-22 11:51:27,183 [WARN] PackLoader:240 - Cannot read IP mode file for portGmbH.I-Cube-SoM-uGOAL.1.1.0
2025-05-22 11:51:27,199 [WARN] PackLoader:240 - Cannot read IP mode file for STMicroelectronics.X-CUBE-TOF1.3.4.2
2025-05-22 11:51:27,220 [WARN] PackLoader:240 - Cannot read IP mode file for STMicroelectronics.X-CUBE-TOF1.3.4.3
2025-05-22 11:51:27,250 [INFO] ThirdParty:978 - Integrity check success = true
2025-05-22 11:51:27,251 [INFO] IntegrityCheckThread:100 - exiting critical section [integrity check]
2025-05-22 11:51:27,251 [INFO] IntegrityCheckThread:103 - End integrity checks thread
2025-05-22 11:51:28,285 [INFO] WebApp:169 - Instantiating new browser for Auth
2025-05-22 11:51:30,065 [INFO] WebApp:463 - Apply proxy settings
2025-05-22 11:51:30,083 [INFO] WebApp:508 - Chromium authenticates against Manually configured proxy
2025-05-22 11:51:30,100 [INFO] WebApp:516 - Username used for proxy authentication: 
2025-05-22 11:51:30,149 [INFO] WebApp:894 - Register for checkConnection events
2025-05-22 11:51:30,150 [INFO] WebApp:463 - Apply proxy settings
2025-05-22 11:51:30,155 [INFO] WebApp:508 - Chromium authenticates against Manually configured proxy
2025-05-22 11:51:30,155 [INFO] WebApp:516 - Username used for proxy authentication: 
2025-05-22 11:51:30,497 [INFO] WebApp:225 - Starting web application
2025-05-22 11:51:30,498 [INFO] WebApp:593 - Web application path used /Applications/STM32CubeIDE.app/Contents/Eclipse/plugins/com.st.stm32cube.common.mx_6.14.0.202502271554/db/plugins/mcufinder/reactClient1/index.html
2025-05-22 11:51:30,934 [INFO] WebApp:191 - Connection restablished
2025-05-22 11:51:31,711 [INFO] UserAuth:486 - Internet connection configuration mode: 1
2025-05-22 12:00:43,426 [INFO] WebApp:194 - Connection lost
2025-05-22 12:00:53,045 [INFO] WebApp:191 - Connection restablished
2025-05-22 12:05:40,306 [INFO] WebApp:194 - Connection lost
2025-05-22 12:05:52,058 [INFO] WebApp:191 - Connection restablished
2025-05-22 15:11:17,617 [INFO] WebApp:194 - Connection lost
2025-05-22 15:11:43,933 [INFO] WebApp:191 - Connection restablished
